2021-06-21 03:30:56,558 - instabot version: 0.117.0 (bot) - INFO - Instabot version: 0.117.0 Started
2021-06-21 03:30:56,559 - instabot version: 0.117.0 (bot) - DEBUG - Bot imported from C:\Users\Denis\AppData\Local\Programs\Python\Python39\lib\site-packages\instabot\bot\bot.py
2021-06-21 03:30:56,561 - instabot version: 0.117.0 (api_login) - INFO - Not yet logged in starting: PRE-LOGIN FLOW!
2021-06-21 03:30:56,864 - instabot version: 0.117.0 (api) - DEBUG - POST to endpoint: accounts/get_prefill_candidates/ returned response: <Response [200]>
2021-06-21 03:30:57,098 - instabot version: 0.117.0 (api) - DEBUG - POST to endpoint: qe/sync/ returned response: <Response [200]>
2021-06-21 03:30:57,364 - instabot version: 0.117.0 (api) - DEBUG - POST to endpoint: launcher/sync/ returned response: <Response [200]>
2021-06-21 03:30:57,827 - instabot version: 0.117.0 (api) - DEBUG - POST to endpoint: accounts/contact_point_prefill/ returned response: <Response [200]>
2021-06-21 03:30:59,413 - instabot version: 0.117.0 (api) - DEBUG - POST to endpoint: accounts/login/ returned response: <Response [200]>
2021-06-21 03:30:59,413 - instabot version: 0.117.0 (api) - INFO - Logged-in successfully as 'denisnyux'!
2021-06-21 03:30:59,414 - instabot version: 0.117.0 (api_login) - INFO - LOGIN FLOW! Just logged-in: True
2021-06-21 03:30:59,656 - instabot version: 0.117.0 (api) - DEBUG - POST to endpoint: qe/sync/ returned response: <Response [200]>
2021-06-21 03:30:59,903 - instabot version: 0.117.0 (api) - DEBUG - POST to endpoint: launcher/sync/ returned response: <Response [200]>
2021-06-21 03:31:00,337 - instabot version: 0.117.0 (api) - DEBUG - GET to endpoint: zr/token/result/?device_id=android-57508c4faffbebf2&token_hash=&custom_device_id=android-57508c4faffbebf2&fetch_reason=token_expired returned response: <Response [200]>
2021-06-21 03:31:00,551 - instabot version: 0.117.0 (api) - DEBUG - GET to endpoint: multiple_accounts/get_account_family/ returned response: <Response [200]>
2021-06-21 03:31:00,991 - instabot version: 0.117.0 (api) - DEBUG - POST to endpoint: qe/sync/ returned response: <Response [200]>
2021-06-21 03:31:01,519 - instabot version: 0.117.0 (api) - DEBUG - GET to endpoint: igtv/browse_feed/?prefetch=1 returned response: <Response [200]>
2021-06-21 03:31:01,733 - instabot version: 0.117.0 (api) - DEBUG - POST to endpoint: creatives/ar_class/ returned response: <Response [200]>
2021-06-21 03:31:02,531 - instabot version: 0.117.0 (api) - DEBUG - POST to endpoint: feed/reels_tray/ returned response: <Response [200]>
2021-06-21 03:31:04,145 - instabot version: 0.117.0 (api) - DEBUG - POST to endpoint: feed/timeline/ returned response: <Response [200]>
2021-06-21 03:31:04,367 - instabot version: 0.117.0 (api) - DEBUG - GET to endpoint: media/blocked/ returned response: <Response [200]>
2021-06-21 03:31:04,960 - instabot version: 0.117.0 (api) - DEBUG - GET to endpoint: news/inbox/ returned response: <Response [200]>
2021-06-21 03:31:05,188 - instabot version: 0.117.0 (api) - DEBUG - GET to endpoint: loom/fetch_config/ returned response: <Response [200]>
2021-06-21 03:31:06,027 - instabot version: 0.117.0 (api) - DEBUG - GET to endpoint: scores/bootstrap/users/?surfaces=["autocomplete_user_list","coefficient_besties_list_ranking","coefficient_rank_recipient_user_suggestion","coefficient_ios_section_test_bootstrap_ranking","coefficient_direct_recipients_ranking_variant_2"] returned response: <Response [200]>
2021-06-21 03:31:06,260 - instabot version: 0.117.0 (api) - DEBUG - GET to endpoint: business/eligibility/get_monetization_products_eligibility_data/?product_types=branded_content returned response: <Response [200]>
2021-06-21 03:31:06,465 - instabot version: 0.117.0 (api) - DEBUG - GET to endpoint: business/branded_content/should_require_professional_account/ returned response: <Response [200]>
2021-06-21 03:31:06,694 - instabot version: 0.117.0 (api) - DEBUG - GET to endpoint: linked_accounts/get_linkage_status/ returned response: <Response [200]>
2021-06-21 03:31:06,926 - instabot version: 0.117.0 (api) - DEBUG - GET to endpoint: locations/request_country/ returned response: <Response [200]>
2021-06-21 03:31:07,140 - instabot version: 0.117.0 (api) - DEBUG - GET to endpoint: qp/get_cooldowns/?signed_body=signed_body=4b9c516a5410a3bc128e09c6104a7f042146b9c2023870560c63a43a7f66781c.4&ig_sig_key_version=4&ig_sig_key_version=4 returned response: <Response [200]>
2021-06-21 03:31:07,361 - instabot version: 0.117.0 (api) - DEBUG - GET to endpoint: users/arlink_download_info/?version_override=2.2.1 returned response: <Response [200]>
2021-06-21 03:31:07,707 - instabot version: 0.117.0 (api) - DEBUG - GET to endpoint: users/1813926915/info/ returned response: <Response [200]>
2021-06-21 03:31:08,218 - instabot version: 0.117.0 (api) - DEBUG - GET to endpoint: direct_v2/get_presence/ returned response: <Response [200]>
2021-06-21 03:31:09,674 - instabot version: 0.117.0 (api) - DEBUG - GET to endpoint: direct_v2/inbox/?visual_message_return_type=unseen&thread_message_limit=10&persistentBadging=true&limit=20 returned response: <Response [200]>
2021-06-21 03:31:09,918 - instabot version: 0.117.0 (api) - DEBUG - GET to endpoint: direct_v2/inbox/?visual_message_return_type=unseen&persistentBadging=true&limit=0 returned response: <Response [200]>
2021-06-21 03:31:10,305 - instabot version: 0.117.0 (api) - DEBUG - GET to endpoint: discover/topical_explore/?is_prefetch=true&omit_cover_media=true&use_sectional_payload=true&timezone_offset=0&session_id=e85a03a2-66b1-446d-9cc8-89729f9cf250&include_fixed_destinations=true returned response: <Response [200]>
2021-06-21 03:31:10,529 - instabot version: 0.117.0 (api) - DEBUG - POST to endpoint: notifications/badge/ returned response: <Response [200]>
2021-06-21 03:31:10,849 - instabot version: 0.117.0 (api) - DEBUG - POST to endpoint: qp/batch_fetch/ returned response: <Response [200]>
2021-06-21 03:31:10,850 - instabot version: 0.117.0 (bot_checkpoint) - DEBUG - Loading Checkpoint file from: G:\School\3kurs\ÂÑÅÃÎÂÍÎ\Portfolio\sem4\3\ÂÑÐ2/config/denisnyux.checkpoint
2021-06-21 03:31:11,189 - instabot version: 0.117.0 (api) - DEBUG - GET to endpoint: users/denisnyux/usernameinfo/ returned response: <Response [200]>
2021-06-21 03:31:12,288 - instabot version: 0.117.0 (api) - DEBUG - GET to endpoint: users/1813926915/info/ returned response: <Response [200]>
2021-06-21 03:31:12,671 - instabot version: 0.117.0 (api) - DEBUG - GET to endpoint: friendships/1813926915/followers/?rank_token=1813926915_688bb259-5d10-4c55-b96b-2b694fbfb000 returned response: <Response [200]>
2021-06-21 03:31:12,987 - instabot version: 0.117.0 (api) - DEBUG - GET to endpoint: users/453291826/info/ returned response: <Response [200]>
2021-06-21 03:31:13,279 - instabot version: 0.117.0 (api) - DEBUG - GET to endpoint: users/2229994596/info/ returned response: <Response [200]>
2021-06-21 03:31:13,581 - instabot version: 0.117.0 (api) - DEBUG - GET to endpoint: users/4544830475/info/ returned response: <Response [200]>
2021-06-21 03:31:14,008 - instabot version: 0.117.0 (api) - DEBUG - GET to endpoint: users/1649532463/info/ returned response: <Response [200]>
2021-06-21 03:31:14,298 - instabot version: 0.117.0 (api) - DEBUG - GET to endpoint: users/1021523202/info/ returned response: <Response [200]>
2021-06-21 03:31:14,644 - instabot version: 0.117.0 (api) - DEBUG - GET to endpoint: users/6069468602/info/ returned response: <Response [200]>
2021-06-21 03:31:14,945 - instabot version: 0.117.0 (api) - DEBUG - GET to endpoint: users/5337003906/info/ returned response: <Response [200]>
2021-06-21 03:31:15,550 - instabot version: 0.117.0 (api) - DEBUG - GET to endpoint: users/5836619681/info/ returned response: <Response [200]>
2021-06-21 03:31:15,958 - instabot version: 0.117.0 (api) - DEBUG - GET to endpoint: users/8249825040/info/ returned response: <Response [200]>
2021-06-21 03:31:16,371 - instabot version: 0.117.0 (api) - DEBUG - GET to endpoint: users/2197996654/info/ returned response: <Response [200]>
2021-06-21 03:31:16,819 - instabot version: 0.117.0 (api) - DEBUG - GET to endpoint: users/2286642812/info/ returned response: <Response [200]>
2021-06-21 03:31:17,102 - instabot version: 0.117.0 (api) - DEBUG - GET to endpoint: users/3485702521/info/ returned response: <Response [200]>
2021-06-21 03:31:17,524 - instabot version: 0.117.0 (api) - DEBUG - GET to endpoint: users/1499994122/info/ returned response: <Response [200]>
2021-06-21 03:31:18,025 - instabot version: 0.117.0 (api) - DEBUG - GET to endpoint: users/2519273786/info/ returned response: <Response [200]>
2021-06-21 03:31:18,351 - instabot version: 0.117.0 (api) - DEBUG - GET to endpoint: users/3655160473/info/ returned response: <Response [200]>
2021-06-21 03:31:18,641 - instabot version: 0.117.0 (api) - DEBUG - GET to endpoint: users/8179618526/info/ returned response: <Response [200]>
2021-06-21 03:31:18,975 - instabot version: 0.117.0 (api) - DEBUG - GET to endpoint: users/3139580767/info/ returned response: <Response [200]>
2021-06-21 03:31:19,508 - instabot version: 0.117.0 (api) - DEBUG - GET to endpoint: users/4681080104/info/ returned response: <Response [200]>
2021-06-21 03:31:19,864 - instabot version: 0.117.0 (api) - DEBUG - GET to endpoint: users/3191203590/info/ returned response: <Response [200]>
2021-06-21 03:31:20,267 - instabot version: 0.117.0 (api) - DEBUG - GET to endpoint: users/2020936738/info/ returned response: <Response [200]>
2021-06-21 03:31:20,557 - instabot version: 0.117.0 (api) - DEBUG - GET to endpoint: users/1772243674/info/ returned response: <Response [200]>
2021-06-21 03:31:20,841 - instabot version: 0.117.0 (api) - DEBUG - GET to endpoint: users/2209980439/info/ returned response: <Response [200]>
2021-06-21 03:31:21,149 - instabot version: 0.117.0 (api) - DEBUG - GET to endpoint: users/457662361/info/ returned response: <Response [200]>
2021-06-21 03:31:21,508 - instabot version: 0.117.0 (api) - DEBUG - GET to endpoint: users/3544217498/info/ returned response: <Response [200]>
2021-06-21 03:31:21,998 - instabot version: 0.117.0 (api) - DEBUG - GET to endpoint: users/329712386/info/ returned response: <Response [200]>
2021-06-21 03:31:22,294 - instabot version: 0.117.0 (api) - DEBUG - GET to endpoint: users/1983142433/info/ returned response: <Response [200]>
2021-06-21 03:31:22,584 - instabot version: 0.117.0 (api) - DEBUG - GET to endpoint: users/3304061491/info/ returned response: <Response [200]>
2021-06-21 03:31:22,960 - instabot version: 0.117.0 (api) - DEBUG - GET to endpoint: users/2578982781/info/ returned response: <Response [200]>
2021-06-21 03:31:23,282 - instabot version: 0.117.0 (api) - DEBUG - GET to endpoint: users/1390883567/info/ returned response: <Response [200]>
2021-06-21 03:31:23,576 - instabot version: 0.117.0 (api) - DEBUG - GET to endpoint: users/4040799128/info/ returned response: <Response [200]>
2021-06-21 03:31:23,852 - instabot version: 0.117.0 (api) - DEBUG - GET to endpoint: users/3159409746/info/ returned response: <Response [200]>
2021-06-21 03:31:24,475 - instabot version: 0.117.0 (api) - DEBUG - GET to endpoint: users/7943448299/info/ returned response: <Response [200]>
2021-06-21 03:31:24,753 - instabot version: 0.117.0 (api) - DEBUG - GET to endpoint: users/19101943160/info/ returned response: <Response [200]>
2021-06-21 03:31:25,052 - instabot version: 0.117.0 (api) - DEBUG - GET to endpoint: users/4484496857/info/ returned response: <Response [200]>
2021-06-21 03:31:25,463 - instabot version: 0.117.0 (api) - DEBUG - GET to endpoint: users/5435076957/info/ returned response: <Response [200]>
2021-06-21 03:31:26,036 - instabot version: 0.117.0 (api) - DEBUG - GET to endpoint: users/6067446630/info/ returned response: <Response [200]>
2021-06-21 03:31:26,329 - instabot version: 0.117.0 (api) - DEBUG - GET to endpoint: users/2272859973/info/ returned response: <Response [200]>
2021-06-21 03:31:26,614 - instabot version: 0.117.0 (api) - DEBUG - GET to endpoint: users/6278445129/info/ returned response: <Response [200]>
2021-06-21 03:31:26,898 - instabot version: 0.117.0 (api) - DEBUG - GET to endpoint: users/3563755530/info/ returned response: <Response [200]>
2021-06-21 03:31:27,202 - instabot version: 0.117.0 (api) - DEBUG - GET to endpoint: users/8033068333/info/ returned response: <Response [200]>
2021-06-21 03:31:28,488 - instabot version: 0.117.0 (api) - DEBUG - GET to endpoint: users/3558275511/info/ returned response: <Response [200]>
2021-06-21 03:31:28,859 - instabot version: 0.117.0 (api) - DEBUG - GET to endpoint: users/1599998942/info/ returned response: <Response [200]>
2021-06-21 03:31:29,451 - instabot version: 0.117.0 (api) - DEBUG - GET to endpoint: users/2241352856/info/ returned response: <Response [200]>
2021-06-21 03:31:29,888 - instabot version: 0.117.0 (api) - DEBUG - GET to endpoint: users/7179507837/info/ returned response: <Response [200]>
2021-06-21 03:31:31,184 - instabot version: 0.117.0 (api) - DEBUG - GET to endpoint: users/14004778/info/ returned response: <Response [200]>
2021-06-21 03:31:32,477 - instabot version: 0.117.0 (api) - DEBUG - GET to endpoint: users/6078995294/info/ returned response: <Response [200]>
2021-06-21 03:31:32,763 - instabot version: 0.117.0 (api) - DEBUG - GET to endpoint: users/7989273521/info/ returned response: <Response [200]>
2021-06-21 03:31:34,065 - instabot version: 0.117.0 (api) - DEBUG - GET to endpoint: users/2362166886/info/ returned response: <Response [200]>
2021-06-21 03:31:34,343 - instabot version: 0.117.0 (api) - DEBUG - GET to endpoint: users/247589194/info/ returned response: <Response [200]>
2021-06-21 03:31:35,743 - instabot version: 0.117.0 (api) - DEBUG - GET to endpoint: users/7805852593/info/ returned response: <Response [200]>
2021-06-21 03:31:37,048 - instabot version: 0.117.0 (api) - DEBUG - GET to endpoint: users/5622954800/info/ returned response: <Response [200]>
2021-06-21 03:31:38,473 - instabot version: 0.117.0 (api) - DEBUG - GET to endpoint: users/4092870124/info/ returned response: <Response [200]>
2021-06-21 03:31:38,985 - instabot version: 0.117.0 (api) - DEBUG - GET to endpoint: users/318114852/info/ returned response: <Response [200]>
2021-06-21 03:31:39,498 - instabot version: 0.117.0 (api) - DEBUG - GET to endpoint: users/3262603106/info/ returned response: <Response [200]>
2021-06-21 03:31:40,001 - instabot version: 0.117.0 (api) - DEBUG - GET to endpoint: users/6177150974/info/ returned response: <Response [200]>
2021-06-21 03:31:40,285 - instabot version: 0.117.0 (api) - DEBUG - GET to endpoint: users/860691973/info/ returned response: <Response [200]>
2021-06-21 03:31:40,604 - instabot version: 0.117.0 (api) - DEBUG - GET to endpoint: users/843817635/info/ returned response: <Response [200]>
2021-06-21 03:31:41,107 - instabot version: 0.117.0 (api) - DEBUG - GET to endpoint: users/4332066201/info/ returned response: <Response [200]>
2021-06-21 03:31:42,401 - instabot version: 0.117.0 (api) - DEBUG - GET to endpoint: users/1552666966/info/ returned response: <Response [200]>
2021-06-21 03:31:43,741 - instabot version: 0.117.0 (api) - DEBUG - GET to endpoint: users/4544452670/info/ returned response: <Response [200]>
2021-06-21 03:31:44,038 - instabot version: 0.117.0 (api) - DEBUG - GET to endpoint: users/1340645369/info/ returned response: <Response [200]>
2021-06-21 03:31:46,832 - instabot version: 0.117.0 (api) - DEBUG - GET to endpoint: users/2229446566/info/ returned response: <Response [200]>
2021-06-21 03:31:47,152 - instabot version: 0.117.0 (api) - DEBUG - GET to endpoint: users/5881166360/info/ returned response: <Response [200]>
2021-06-21 03:31:47,169 - instabot version: 0.117.0 (bot_checkpoint) - DEBUG - Saving Checkpoint file to: G:\School\3kurs\ÂÑÅÃÎÂÍÎ\Portfolio\sem4\3\ÂÑÐ2/config/denisnyux.checkpoint
2021-06-21 03:31:47,170 - instabot version: 0.117.0 (bot) - INFO - Total requests: 97
